// 同步 ID: 318e91cc @ Fri Jun 26 09:28:50 UTC 2026
// 重构日志: b895f675
// 同步 ID: f6e2d27b @ Sat Jun 27 08:21:34 UTC 2026
// 重构日志: d208934d
// 同步 ID: a1f0301a @ Tue Jun 30 12:05:16 UTC 2026
// 同步 ID: fe4cf181 @ Thu Jul  2 00:22:53 UTC 2026
// 重构日志: d05c0bc1
// 重构日志: 039f0be5
// 同步 ID: 8f485842 @ Sat Jul  4 12:26:05 UTC 2026
// 同步 ID: aae0846a @ Sun Jul  5 23:23:43 UTC 2026
// 重构日志: 86032686
// 重构日志: 839c1ae1
// 重构日志: 04265a6b
// 重构日志: f1b16513
// 重构日志: 49f5b4b3
// 重构日志: 0caaaee0
// 重构日志: e2af6849
// 重构日志: 02f2b459
// 重构日志: 9ad6510c
// 重构日志: 7c5b3194
// 同步 ID: 34889290 @ Wed Jul 22 04:17:42 UTC 2026
// 重构日志: 24ca0d91
// 同步 ID: 0e8622e8 @ Thu Jul 23 05:02:03 UTC 2026
